22:07:42 **** Incremental Build of configuration Default for project cuda_template ****
nmake all 

Microsoft (R) Program Maintenance Utility Version 9.00.30729.01
	SET nvcc_par= -I "C:\Program Files\NVIDIA GPU Computing Toolkit\CUDA\v5.0\inc" -ccbin "C:\Program Files (x86)\Microsoft Visual Studio 9.0\VC\BIN\cl.exe"   -Xcompiler /EHsc,/W3,/nologo,/MTd -deviceemu -c template.cu
Copyright (C) Microsoft Corporation.  All rights reserved.
	nvcc_compile.bat


C:\Users\jjmaroulis\workspace\cuda_template>echo NVCC executing 
NVCC executing
nvcc : warning : option 'device-emulation' has been deprecated and is ignored

C:\Users\jjmaroulis\workspace\cuda_template>nvcc  -I "C:\Program Files\NVIDIA GPU Computing Toolkit\CUDA\v5.0\inc" -ccbin "C:\Program Files (x86)\Microsoft Visual Studio 9.0\VC\BIN\cl.exe"   -Xcompiler /EHsc,/W3,/nologo,/MTd -deviceemu -c template.cu 
template.cu
template.cu(48) : fatal error C1083: Cannot open include file: 'cutil.h': No such file or directory

C:\Users\jjmaroulis\workspace\cuda_template>echo NVCC done 
NVCC done
	"C:\Program Files (x86)\Microsoft Visual Studio 9.0\VC\BIN\cl.exe" /c /EHsc /W3 /nologo /MTd /I "C:\Program Files\NVIDIA GPU Computing Toolkit\CUDA\v5.0\inc"   main.cpp
main.cpp
	"C:\Program Files (x86)\Microsoft Visual Studio 9.0\VC\BIN\cl.exe" /c /EHsc /W3 /nologo /MTd /I "C:\Program Files\NVIDIA GPU Computing Toolkit\CUDA\v5.0\inc"   template_gold.cpp
template_gold.cpp
	"C:\Program Files (x86)\Microsoft Visual Studio 9.0\VC\BIN\link.exe" /OUT:main.exe /LIBPATH:"C:\Program Files (x86)\Microsoft Visual Studio 9.0\VC\lib" template.obj main.obj template_gold.obj  "\cudart.lib" "C:\Program Files\NVIDIA GPU Computing Toolkit\CUDA\v5.0\lib\cutil32.lib"
NMAKE : fatal error U1077: '"C:\Program Files (x86)\Microsoft Visual Studio 9.0\VC\BIN\link.exe"' : return code '0x49d'
Microsoft (R) Incremental Linker Version 9.00.30729.01
Copyright (C) Microsoft Corporation.  All rights reserved.
Stop.

LINK : fatal error LNK1181: cannot open input file 'template.obj'

22:07:42 Build Finished (took 470ms)

